<!DOCTYPE html PUBLIC "-//W3C//DTD XHTML 1.1//EN" "http://www.w3.org/TR/xhtml11/DTD/xhtml11.dtd">
<html xmlns="http://www.w3.org/1999/xhtml">
<head>
<meta http-equiv="content-type" content="text/html; charset=UTF-8"/>
<title>TestNG Report</title>
<style type="text/css">table {margin-bottom:10px;border-collapse:collapse;empty-cells:show}th,td {border:1px solid #009;padding:.25em .5em}th {vertical-align:bottom}td {vertical-align:top}table a {font-weight:bold}.stripe td {background-color: #E6EBF9}.num {text-align:right}.passedodd td {background-color: #3F3}.passedeven td {background-color: #0A0}.skippedodd td {background-color: #DDD}.skippedeven td {background-color: #CCC}.failedodd td,.attn {background-color: #F33}.failedeven td,.stripe .attn {background-color: #D00}.stacktrace {white-space:pre;font-family:monospace}.totop {font-size:85%;text-align:center;border-bottom:2px solid #000}.invisible {display:none}</style>
</head>
<body>
<table>
<tr><th>Test</th><th># Passed</th><th># Skipped</th><th># Failed</th><th>Time (ms)</th><th>Included Groups</th><th>Excluded Groups</th></tr>
<tr><th colspan="7">Suite</th></tr>
<tr><td><a href="#t0">Test</a></td><td class="num">0</td><td class="num">0</td><td class="num attn">2</td><td class="num">51,863</td><td></td><td></td></tr>
</table>
<table id='summary'><thead><tr><th>Class</th><th>Method</th><th>Start</th><th>Time (ms)</th></tr></thead><tbody><tr><th colspan="4">Suite</th></tr></tbody><tbody id="t0"><tr><th colspan="4">Test &#8212; failed</th></tr><tr class="failedeven"><td rowspan="2">runner.TestRunner</td><td><a href="#m0">feature</a></td><td rowspan="2">1615343461729</td><td rowspan="2">50691</td></tr><tr class="failedeven"><td><a href="#m1">feature</a></td></tr></tbody>
</table>
<h2>Test</h2><h3 id="m0">runner.TestRunner#feature</h3><table class="result"><tr class="param"><th>Parameter #1</th></tr><tr class="param stripe"><td>Login Action</td></tr><tr><th>Exception</th></tr><tr><td><div class="stacktrace">cucumber.runtime.CucumberException: org.openqa.selenium.SessionNotCreatedException: session not created
from disconnected: received Inspector.detached event
  (Session info: chrome=88.0.4324.190)
Build info: version: &apos;3.141.59&apos;, revision: &apos;e82be7d358&apos;, time: &apos;2018-11-14T08:17:03&apos;
System info: host: &apos;DESKTOP-8PKKUJ3&apos;, ip: &apos;192.168.43.23&apos;, os.name: &apos;Windows 10&apos;, os.arch: &apos;amd64&apos;, os.version: &apos;10.0&apos;, java.version: &apos;11.0.8&apos;
Driver info: driver.version: ChromeDriver
remote stacktrace: Backtrace:
	Ordinal0 [0x00D0C0C3+3326147]
	Ordinal0 [0x00BF0851+2164817]
	Ordinal0 [0x00A77298+619160]
	Ordinal0 [0x00A6BD04+572676]
	Ordinal0 [0x00A6BA18+571928]
	Ordinal0 [0x00A6B0C1+569537]
	Ordinal0 [0x00A6A421+566305]
	Ordinal0 [0x00A6A815+567317]
	Ordinal0 [0x00A6A135+565557]
	Ordinal0 [0x00A738B1+604337]
	Ordinal0 [0x00A6A0F1+565489]
	Ordinal0 [0x00A6AEA2+568994]
	Ordinal0 [0x00A6A421+566305]
	Ordinal0 [0x00A6A815+567317]
	Ordinal0 [0x00A6A135+565557]
	Ordinal0 [0x00A71D2C+597292]
	Ordinal0 [0x00A6A0F1+565489]
	Ordinal0 [0x00A6AEA2+568994]
	Ordinal0 [0x00A6A421+566305]
	Ordinal0 [0x00A6A815+567317]
	Ordinal0 [0x00A6A135+565557]
	Ordinal0 [0x00A6FE62+589410]
	Ordinal0 [0x00A6A0F1+565489]
	Ordinal0 [0x00A6AEA2+568994]
	Ordinal0 [0x00A6A421+566305]
	Ordinal0 [0x00A6A815+567317]
	Ordinal0 [0x00A6A135+565557]
	Ordinal0 [0x00A6F075+585845]
	Ordinal0 [0x00A6A0F1+565489]
	Ordinal0 [0x00A6AEA2+568994]
	Ordinal0 [0x00A6A421+566305]
	Ordinal0 [0x00A6A815+567317]
	Ordinal0 [0x00A6A135+565557]
	Ordinal0 [0x00A66776+550774]
	Ordinal0 [0x00A6A0F1+565489]
	Ordinal0 [0x00A69F13+565011]
	Ordinal0 [0x00A69D07+564487]
	Ordinal0 [0x00A782C0+623296]
	Ordinal0 [0x00A16BDD+224221]
	Ordinal0 [0x00A15CAC+220332]
	Ordinal0 [0x00A1189B+202907]
	Ordinal0 [0x009F3DF4+81396]
	Ordinal0 [0x009F4DEE+85486]
	Ordinal0 [0x009F4D79+85369]
	Ordinal0 [0x00C085DC+2262492]
	GetHandleVerifier [0x00E92874+1487204]
	GetHandleVerifier [0x00E923CD+1486013]
	GetHandleVerifier [0x00E9A368+1518680]
	GetHandleVerifier [0x00E92F4E+1488958]
	Ordinal0 [0x00BFED0D+2223373]
	Ordinal0 [0x00C0A12B+2269483]
	Ordinal0 [0x00C0A26F+2269807]
	Ordinal0 [0x00C1ECB8+2354360]
	BaseThreadInitThunk [0x755E6359+25]
	RtlGetAppContainerNamedObjectPath [0x77348944+228]
	RtlGetAppContainerNamedObjectPath [0x77348914+180]

	at cucumber.api.testng.TestNGCucumberRunner.runCucumber(TestNGCucumberRunner.java:69)
	at cucumber.api.testng.AbstractTestNGCucumberTests.feature(AbstractTestNGCucumberTests.java:21)
Caused by: org.openqa.selenium.SessionNotCreatedException: session not created
from disconnected: received Inspector.detached event
  (Session info: chrome=88.0.4324.190)
Build info: version: &apos;3.141.59&apos;, revision: &apos;e82be7d358&apos;, time: &apos;2018-11-14T08:17:03&apos;
System info: host: &apos;DESKTOP-8PKKUJ3&apos;, ip: &apos;192.168.43.23&apos;, os.name: &apos;Windows 10&apos;, os.arch: &apos;amd64&apos;, os.version: &apos;10.0&apos;, java.version: &apos;11.0.8&apos;
Driver info: driver.version: ChromeDriver
remote stacktrace: Backtrace:
	Ordinal0 [0x00D0C0C3+3326147]
	Ordinal0 [0x00BF0851+2164817]
	Ordinal0 [0x00A77298+619160]
	Ordinal0 [0x00A6BD04+572676]
	Ordinal0 [0x00A6BA18+571928]
	Ordinal0 [0x00A6B0C1+569537]
	Ordinal0 [0x00A6A421+566305]
	Ordinal0 [0x00A6A815+567317]
	Ordinal0 [0x00A6A135+565557]
	Ordinal0 [0x00A738B1+604337]
	Ordinal0 [0x00A6A0F1+565489]
	Ordinal0 [0x00A6AEA2+568994]
	Ordinal0 [0x00A6A421+566305]
	Ordinal0 [0x00A6A815+567317]
	Ordinal0 [0x00A6A135+565557]
	Ordinal0 [0x00A71D2C+597292]
	Ordinal0 [0x00A6A0F1+565489]
	Ordinal0 [0x00A6AEA2+568994]
	Ordinal0 [0x00A6A421+566305]
	Ordinal0 [0x00A6A815+567317]
	Ordinal0 [0x00A6A135+565557]
	Ordinal0 [0x00A6FE62+589410]
	Ordinal0 [0x00A6A0F1+565489]
	Ordinal0 [0x00A6AEA2+568994]
	Ordinal0 [0x00A6A421+566305]
	Ordinal0 [0x00A6A815+567317]
	Ordinal0 [0x00A6A135+565557]
	Ordinal0 [0x00A6F075+585845]
	Ordinal0 [0x00A6A0F1+565489]
	Ordinal0 [0x00A6AEA2+568994]
	Ordinal0 [0x00A6A421+566305]
	Ordinal0 [0x00A6A815+567317]
	Ordinal0 [0x00A6A135+565557]
	Ordinal0 [0x00A66776+550774]
	Ordinal0 [0x00A6A0F1+565489]
	Ordinal0 [0x00A69F13+565011]
	Ordinal0 [0x00A69D07+564487]
	Ordinal0 [0x00A782C0+623296]
	Ordinal0 [0x00A16BDD+224221]
	Ordinal0 [0x00A15CAC+220332]
	Ordinal0 [0x00A1189B+202907]
	Ordinal0 [0x009F3DF4+81396]
	Ordinal0 [0x009F4DEE+85486]
	Ordinal0 [0x009F4D79+85369]
	Ordinal0 [0x00C085DC+2262492]
	GetHandleVerifier [0x00E92874+1487204]
	GetHandleVerifier [0x00E923CD+1486013]
	GetHandleVerifier [0x00E9A368+1518680]
	GetHandleVerifier [0x00E92F4E+1488958]
	Ordinal0 [0x00BFED0D+2223373]
	Ordinal0 [0x00C0A12B+2269483]
	Ordinal0 [0x00C0A26F+2269807]
	Ordinal0 [0x00C1ECB8+2354360]
	BaseThreadInitThunk [0x755E6359+25]
	RtlGetAppContainerNamedObjectPath [0x77348944+228]
	RtlGetAppContainerNamedObjectPath [0x77348914+180]

	at org.openqa.selenium.remote.W3CHandshakeResponse.lambda$errorHandler$0(W3CHandshakeResponse.java:62)
	at org.openqa.selenium.remote.HandshakeResponse.lambda$getResponseFunction$0(HandshakeResponse.java:30)
	at org.openqa.selenium.remote.ProtocolHandshake.lambda$createSession$0(ProtocolHandshake.java:126)
	at java.base/java.util.stream.ReferencePipeline$3$1.accept(ReferencePipeline.java:195)
	at java.base/java.util.Spliterators$ArraySpliterator.tryAdvance(Spliterators.java:958)
	at java.base/java.util.stream.ReferencePipeline.forEachWithCancel(ReferencePipeline.java:127)
	at java.base/java.util.stream.AbstractPipeline.copyIntoWithCancel(AbstractPipeline.java:502)
	at java.base/java.util.stream.AbstractPipeline.copyInto(AbstractPipeline.java:488)
	at java.base/java.util.stream.AbstractPipeline.wrapAndCopyInto(AbstractPipeline.java:474)
	at java.base/java.util.stream.FindOps$FindOp.evaluateSequential(FindOps.java:150)
	at java.base/java.util.stream.AbstractPipeline.evaluate(AbstractPipeline.java:234)
	at java.base/java.util.stream.ReferencePipeline.findFirst(ReferencePipeline.java:543)
	at org.openqa.selenium.remote.ProtocolHandshake.createSession(ProtocolHandshake.java:128)
	at org.openqa.selenium.remote.ProtocolHandshake.createSession(ProtocolHandshake.java:74)
	at org.openqa.selenium.remote.HttpCommandExecutor.execute(HttpCommandExecutor.java:136)
	at org.openqa.selenium.remote.service.DriverCommandExecutor.execute(DriverCommandExecutor.java:83)
	at org.openqa.selenium.remote.RemoteWebDriver.execute(RemoteWebDriver.java:552)
	at org.openqa.selenium.remote.RemoteWebDriver.startSession(RemoteWebDriver.java:213)
	at org.openqa.selenium.remote.RemoteWebDriver.&lt;init&gt;(RemoteWebDriver.java:131)
	at org.openqa.selenium.chrome.ChromeDriver.&lt;init&gt;(ChromeDriver.java:181)
	at org.openqa.selenium.chrome.ChromeDriver.&lt;init&gt;(ChromeDriver.java:168)
	at org.openqa.selenium.chrome.ChromeDriver.&lt;init&gt;(ChromeDriver.java:123)
	at stepdefinitions.Stepdefinition.launchapplication(Stepdefinition.java:17)
	at ✽.Given I launch the application(ValidLogin.feature:5)
... Removed 29 stack frames</div></td></tr></table><p class="totop"><a href="#summary">back to summary</a></p>
<h3 id="m1">runner.TestRunner#feature</h3><table class="result"><tr class="param"><th>Parameter #1</th></tr><tr class="param stripe"><td>Enter all mandatory fields</td></tr><tr><th>Exception</th></tr><tr><td><div class="stacktrace">cucumber.runtime.CucumberException: java.lang.NullPointerException
	at cucumber.api.testng.TestNGCucumberRunner.runCucumber(TestNGCucumberRunner.java:69)
	at cucumber.api.testng.AbstractTestNGCucumberTests.feature(AbstractTestNGCucumberTests.java:21)
Caused by: java.lang.NullPointerException
	at org.openqa.selenium.support.pagefactory.DefaultElementLocator.findElement(DefaultElementLocator.java:69)
	at org.openqa.selenium.support.pagefactory.internal.LocatingElementHandler.invoke(LocatingElementHandler.java:38)
	at com.sun.proxy.$Proxy22.click(Unknown Source)
	at pom.SkipSignin.Click_SkipSignin(SkipSignin.java:20)
	at stepdefinitions.Stepdefinition2.Click_SkipSignin(Stepdefinition2.java:14)
	at ✽.Given User click on Skip Sign in in demo automation site(Mandatoryfieldsindemosite.feature:5)
... Removed 25 stack frames</div></td></tr></table><p class="totop"><a href="#summary">back to summary</a></p>
</body>
</html>
