<?xml version="1.0" encoding="UTF-8"?>
<testng-results ignored="0" total="2" passed="0" failed="2" skipped="0">
  <reporter-output>
  </reporter-output>
  <suite started-at="2021-03-10T02:31:00Z" name="Suite" finished-at="2021-03-10T02:31:52Z" duration-ms="51863">
    <groups>
      <group name="cucumber">
        <method signature="AbstractTestNGCucumberTests.feature(cucumber.api.testng.CucumberFeatureWrapper)[pri:0, instance:runner.TestRunner@127a7a2e]" name="feature" class="cucumber.api.testng.AbstractTestNGCucumberTests"/>
      </group> <!-- cucumber -->
    </groups>
    <test started-at="2021-03-10T02:31:00Z" name="Test" finished-at="2021-03-10T02:31:52Z" duration-ms="51863">
      <class name="runner.TestRunner">
        <test-method is-config="true" signature="setUpClass()[pri:0, instance:runner.TestRunner@127a7a2e]" started-at="2021-03-10T02:31:00Z" name="setUpClass" finished-at="2021-03-10T02:31:01Z" duration-ms="409" status="PASS">
          <reporter-output>
          </reporter-output>
        </test-method> <!-- setUpClass -->
        <test-method signature="feature(cucumber.api.testng.CucumberFeatureWrapper)[pri:0, instance:runner.TestRunner@127a7a2e]" started-at="2021-03-10T02:31:01Z" name="feature" description="Runs Cucumber Feature" data-provider="features" finished-at="2021-03-10T02:31:01Z" duration-ms="436" status="FAIL">
          <params>
            <param index="0">
              <value>
                <![CDATA[Enter all mandatory fields]]>
              </value>
            </param>
          </params>
          <exception class="cucumber.runtime.CucumberException">
            <message>
              <![CDATA[java.lang.NullPointerException]]>
            </message>
            <full-stacktrace>
              <![CDATA[cucumber.runtime.CucumberException: java.lang.NullPointerException
at cucumber.api.testng.TestNGCucumberRunner.runCucumber(TestNGCucumberRunner.java:69)
at cucumber.api.testng.AbstractTestNGCucumberTests.feature(AbstractTestNGCucumberTests.java:21)
at java.base/jdk.internal.reflect.NativeMethodAccessorImpl.invoke0(Native Method)
at java.base/jdk.internal.reflect.NativeMethodAccessorImpl.invoke(NativeMethodAccessorImpl.java:62)
at java.base/jdk.internal.reflect.DelegatingMethodAccessorImpl.invoke(DelegatingMethodAccessorImpl.java:43)
at java.base/java.lang.reflect.Method.invoke(Method.java:566)
at org.testng.internal.MethodInvocationHelper.invokeMethod(MethodInvocationHelper.java:124)
at org.testng.internal.Invoker.invokeMethod(Invoker.java:583)
at org.testng.internal.Invoker.invokeTestMethod(Invoker.java:719)
at org.testng.internal.Invoker.invokeTestMethods(Invoker.java:989)
at org.testng.internal.TestMethodWorker.invokeTestMethods(TestMethodWorker.java:125)
at org.testng.internal.TestMethodWorker.run(TestMethodWorker.java:109)
at org.testng.TestRunner.privateRun(TestRunner.java:648)
at org.testng.TestRunner.run(TestRunner.java:505)
at org.testng.SuiteRunner.runTest(SuiteRunner.java:455)
at org.testng.SuiteRunner.runSequentially(SuiteRunner.java:450)
at org.testng.SuiteRunner.privateRun(SuiteRunner.java:415)
at org.testng.SuiteRunner.run(SuiteRunner.java:364)
at org.testng.SuiteRunnerWorker.runSuite(SuiteRunnerWorker.java:52)
at org.testng.SuiteRunnerWorker.run(SuiteRunnerWorker.java:84)
at org.testng.TestNG.runSuitesSequentially(TestNG.java:1208)
at org.testng.TestNG.runSuitesLocally(TestNG.java:1137)
at org.testng.TestNG.runSuites(TestNG.java:1049)
at org.testng.TestNG.run(TestNG.java:1017)
at org.testng.remote.AbstractRemoteTestNG.run(AbstractRemoteTestNG.java:115)
at org.testng.remote.RemoteTestNG.initAndRun(RemoteTestNG.java:251)
at org.testng.remote.RemoteTestNG.main(RemoteTestNG.java:77)
Caused by: java.lang.NullPointerException
at org.openqa.selenium.support.pagefactory.DefaultElementLocator.findElement(DefaultElementLocator.java:69)
at org.openqa.selenium.support.pagefactory.internal.LocatingElementHandler.invoke(LocatingElementHandler.java:38)
at com.sun.proxy.$Proxy22.click(Unknown Source)
at pom.SkipSignin.Click_SkipSignin(SkipSignin.java:20)
at stepdefinitions.Stepdefinition2.Click_SkipSignin(Stepdefinition2.java:14)
at ✽.Given User click on Skip Sign in in demo automation site(Mandatoryfieldsindemosite.feature:5)
]]>
            </full-stacktrace>
          </exception> <!-- cucumber.runtime.CucumberException -->
          <reporter-output>
          </reporter-output>
        </test-method> <!-- feature -->
        <test-method signature="feature(cucumber.api.testng.CucumberFeatureWrapper)[pri:0, instance:runner.TestRunner@127a7a2e]" started-at="2021-03-10T02:31:01Z" name="feature" description="Runs Cucumber Feature" data-provider="features" finished-at="2021-03-10T02:31:52Z" duration-ms="50691" status="FAIL">
          <params>
            <param index="0">
              <value>
                <![CDATA[Login Action]]>
              </value>
            </param>
          </params>
          <exception class="cucumber.runtime.CucumberException">
            <message>
              <![CDATA[org.openqa.selenium.SessionNotCreatedException: session not created
from disconnected: received Inspector.detached event
  (Session info: chrome=88.0.4324.190)
Build info: version: '3.141.59', revision: 'e82be7d358', time: '2018-11-14T08:17:03'
System info: host: 'DESKTOP-8PKKUJ3', ip: '192.168.43.23', os.name: 'Windows 10', os.arch: 'amd64', os.version: '10.0', java.version: '11.0.8'
Driver info: driver.version: ChromeDriver
remote stacktrace: Backtrace:
Ordinal0 [0x00D0C0C3+3326147]
Ordinal0 [0x00BF0851+2164817]
Ordinal0 [0x00A77298+619160]
Ordinal0 [0x00A6BD04+572676]
Ordinal0 [0x00A6BA18+571928]
Ordinal0 [0x00A6B0C1+569537]
Ordinal0 [0x00A6A421+566305]
Ordinal0 [0x00A6A815+567317]
Ordinal0 [0x00A6A135+565557]
Ordinal0 [0x00A738B1+604337]
Ordinal0 [0x00A6A0F1+565489]
Ordinal0 [0x00A6AEA2+568994]
Ordinal0 [0x00A6A421+566305]
Ordinal0 [0x00A6A815+567317]
Ordinal0 [0x00A6A135+565557]
Ordinal0 [0x00A71D2C+597292]
Ordinal0 [0x00A6A0F1+565489]
Ordinal0 [0x00A6AEA2+568994]
Ordinal0 [0x00A6A421+566305]
Ordinal0 [0x00A6A815+567317]
Ordinal0 [0x00A6A135+565557]
Ordinal0 [0x00A6FE62+589410]
Ordinal0 [0x00A6A0F1+565489]
Ordinal0 [0x00A6AEA2+568994]
Ordinal0 [0x00A6A421+566305]
Ordinal0 [0x00A6A815+567317]
Ordinal0 [0x00A6A135+565557]
Ordinal0 [0x00A6F075+585845]
Ordinal0 [0x00A6A0F1+565489]
Ordinal0 [0x00A6AEA2+568994]
Ordinal0 [0x00A6A421+566305]
Ordinal0 [0x00A6A815+567317]
Ordinal0 [0x00A6A135+565557]
Ordinal0 [0x00A66776+550774]
Ordinal0 [0x00A6A0F1+565489]
Ordinal0 [0x00A69F13+565011]
Ordinal0 [0x00A69D07+564487]
Ordinal0 [0x00A782C0+623296]
Ordinal0 [0x00A16BDD+224221]
Ordinal0 [0x00A15CAC+220332]
Ordinal0 [0x00A1189B+202907]
Ordinal0 [0x009F3DF4+81396]
Ordinal0 [0x009F4DEE+85486]
Ordinal0 [0x009F4D79+85369]
Ordinal0 [0x00C085DC+2262492]
GetHandleVerifier [0x00E92874+1487204]
GetHandleVerifier [0x00E923CD+1486013]
GetHandleVerifier [0x00E9A368+1518680]
GetHandleVerifier [0x00E92F4E+1488958]
Ordinal0 [0x00BFED0D+2223373]
Ordinal0 [0x00C0A12B+2269483]
Ordinal0 [0x00C0A26F+2269807]
Ordinal0 [0x00C1ECB8+2354360]
BaseThreadInitThunk [0x755E6359+25]
RtlGetAppContainerNamedObjectPath [0x77348944+228]
RtlGetAppContainerNamedObjectPath [0x77348914+180]
]]>
            </message>
            <full-stacktrace>
              <![CDATA[cucumber.runtime.CucumberException: org.openqa.selenium.SessionNotCreatedException: session not created
from disconnected: received Inspector.detached event
  (Session info: chrome=88.0.4324.190)
Build info: version: '3.141.59', revision: 'e82be7d358', time: '2018-11-14T08:17:03'
System info: host: 'DESKTOP-8PKKUJ3', ip: '192.168.43.23', os.name: 'Windows 10', os.arch: 'amd64', os.version: '10.0', java.version: '11.0.8'
Driver info: driver.version: ChromeDriver
remote stacktrace: Backtrace:
Ordinal0 [0x00D0C0C3+3326147]
Ordinal0 [0x00BF0851+2164817]
Ordinal0 [0x00A77298+619160]
Ordinal0 [0x00A6BD04+572676]
Ordinal0 [0x00A6BA18+571928]
Ordinal0 [0x00A6B0C1+569537]
Ordinal0 [0x00A6A421+566305]
Ordinal0 [0x00A6A815+567317]
Ordinal0 [0x00A6A135+565557]
Ordinal0 [0x00A738B1+604337]
Ordinal0 [0x00A6A0F1+565489]
Ordinal0 [0x00A6AEA2+568994]
Ordinal0 [0x00A6A421+566305]
Ordinal0 [0x00A6A815+567317]
Ordinal0 [0x00A6A135+565557]
Ordinal0 [0x00A71D2C+597292]
Ordinal0 [0x00A6A0F1+565489]
Ordinal0 [0x00A6AEA2+568994]
Ordinal0 [0x00A6A421+566305]
Ordinal0 [0x00A6A815+567317]
Ordinal0 [0x00A6A135+565557]
Ordinal0 [0x00A6FE62+589410]
Ordinal0 [0x00A6A0F1+565489]
Ordinal0 [0x00A6AEA2+568994]
Ordinal0 [0x00A6A421+566305]
Ordinal0 [0x00A6A815+567317]
Ordinal0 [0x00A6A135+565557]
Ordinal0 [0x00A6F075+585845]
Ordinal0 [0x00A6A0F1+565489]
Ordinal0 [0x00A6AEA2+568994]
Ordinal0 [0x00A6A421+566305]
Ordinal0 [0x00A6A815+567317]
Ordinal0 [0x00A6A135+565557]
Ordinal0 [0x00A66776+550774]
Ordinal0 [0x00A6A0F1+565489]
Ordinal0 [0x00A69F13+565011]
Ordinal0 [0x00A69D07+564487]
Ordinal0 [0x00A782C0+623296]
Ordinal0 [0x00A16BDD+224221]
Ordinal0 [0x00A15CAC+220332]
Ordinal0 [0x00A1189B+202907]
Ordinal0 [0x009F3DF4+81396]
Ordinal0 [0x009F4DEE+85486]
Ordinal0 [0x009F4D79+85369]
Ordinal0 [0x00C085DC+2262492]
GetHandleVerifier [0x00E92874+1487204]
GetHandleVerifier [0x00E923CD+1486013]
GetHandleVerifier [0x00E9A368+1518680]
GetHandleVerifier [0x00E92F4E+1488958]
Ordinal0 [0x00BFED0D+2223373]
Ordinal0 [0x00C0A12B+2269483]
Ordinal0 [0x00C0A26F+2269807]
Ordinal0 [0x00C1ECB8+2354360]
BaseThreadInitThunk [0x755E6359+25]
RtlGetAppContainerNamedObjectPath [0x77348944+228]
RtlGetAppContainerNamedObjectPath [0x77348914+180]

at cucumber.api.testng.TestNGCucumberRunner.runCucumber(TestNGCucumberRunner.java:69)
at cucumber.api.testng.AbstractTestNGCucumberTests.feature(AbstractTestNGCucumberTests.java:21)
at java.base/jdk.internal.reflect.NativeMethodAccessorImpl.invoke0(Native Method)
at java.base/jdk.internal.reflect.NativeMethodAccessorImpl.invoke(NativeMethodAccessorImpl.java:62)
at java.base/jdk.internal.reflect.DelegatingMethodAccessorImpl.invoke(DelegatingMethodAccessorImpl.java:43)
at java.base/java.lang.reflect.Method.invoke(Method.java:566)
at org.testng.internal.MethodInvocationHelper.invokeMethod(MethodInvocationHelper.java:124)
at org.testng.internal.Invoker.invokeMethod(Invoker.java:583)
at org.testng.internal.Invoker.invokeTestMethod(Invoker.java:719)
at org.testng.internal.Invoker.invokeTestMethods(Invoker.java:989)
at org.testng.internal.TestMethodWorker.invokeTestMethods(TestMethodWorker.java:125)
at org.testng.internal.TestMethodWorker.run(TestMethodWorker.java:109)
at org.testng.TestRunner.privateRun(TestRunner.java:648)
at org.testng.TestRunner.run(TestRunner.java:505)
at org.testng.SuiteRunner.runTest(SuiteRunner.java:455)
at org.testng.SuiteRunner.runSequentially(SuiteRunner.java:450)
at org.testng.SuiteRunner.privateRun(SuiteRunner.java:415)
at org.testng.SuiteRunner.run(SuiteRunner.java:364)
at org.testng.SuiteRunnerWorker.runSuite(SuiteRunnerWorker.java:52)
at org.testng.SuiteRunnerWorker.run(SuiteRunnerWorker.java:84)
at org.testng.TestNG.runSuitesSequentially(TestNG.java:1208)
at org.testng.TestNG.runSuitesLocally(TestNG.java:1137)
at org.testng.TestNG.runSuites(TestNG.java:1049)
at org.testng.TestNG.run(TestNG.java:1017)
at org.testng.remote.AbstractRemoteTestNG.run(AbstractRemoteTestNG.java:115)
at org.testng.remote.RemoteTestNG.initAndRun(RemoteTestNG.java:251)
at org.testng.remote.RemoteTestNG.main(RemoteTestNG.java:77)
Caused by: org.openqa.selenium.SessionNotCreatedException: session not created
from disconnected: received Inspector.detached event
  (Session info: chrome=88.0.4324.190)
Build info: version: '3.141.59', revision: 'e82be7d358', time: '2018-11-14T08:17:03'
System info: host: 'DESKTOP-8PKKUJ3', ip: '192.168.43.23', os.name: 'Windows 10', os.arch: 'amd64', os.version: '10.0', java.version: '11.0.8'
Driver info: driver.version: ChromeDriver
remote stacktrace: Backtrace:
Ordinal0 [0x00D0C0C3+3326147]
Ordinal0 [0x00BF0851+2164817]
Ordinal0 [0x00A77298+619160]
Ordinal0 [0x00A6BD04+572676]
Ordinal0 [0x00A6BA18+571928]
Ordinal0 [0x00A6B0C1+569537]
Ordinal0 [0x00A6A421+566305]
Ordinal0 [0x00A6A815+567317]
Ordinal0 [0x00A6A135+565557]
Ordinal0 [0x00A738B1+604337]
Ordinal0 [0x00A6A0F1+565489]
Ordinal0 [0x00A6AEA2+568994]
Ordinal0 [0x00A6A421+566305]
Ordinal0 [0x00A6A815+567317]
Ordinal0 [0x00A6A135+565557]
Ordinal0 [0x00A71D2C+597292]
Ordinal0 [0x00A6A0F1+565489]
Ordinal0 [0x00A6AEA2+568994]
Ordinal0 [0x00A6A421+566305]
Ordinal0 [0x00A6A815+567317]
Ordinal0 [0x00A6A135+565557]
Ordinal0 [0x00A6FE62+589410]
Ordinal0 [0x00A6A0F1+565489]
Ordinal0 [0x00A6AEA2+568994]
Ordinal0 [0x00A6A421+566305]
Ordinal0 [0x00A6A815+567317]
Ordinal0 [0x00A6A135+565557]
Ordinal0 [0x00A6F075+585845]
Ordinal0 [0x00A6A0F1+565489]
Ordinal0 [0x00A6AEA2+568994]
Ordinal0 [0x00A6A421+566305]
Ordinal0 [0x00A6A815+567317]
Ordinal0 [0x00A6A135+565557]
Ordinal0 [0x00A66776+550774]
Ordinal0 [0x00A6A0F1+565489]
Ordinal0 [0x00A69F13+565011]
Ordinal0 [0x00A69D07+564487]
Ordinal0 [0x00A782C0+623296]
Ordinal0 [0x00A16BDD+224221]
Ordinal0 [0x00A15CAC+220332]
Ordinal0 [0x00A1189B+202907]
Ordinal0 [0x009F3DF4+81396]
Ordinal0 [0x009F4DEE+85486]
Ordinal0 [0x009F4D79+85369]
Ordinal0 [0x00C085DC+2262492]
GetHandleVerifier [0x00E92874+1487204]
GetHandleVerifier [0x00E923CD+1486013]
GetHandleVerifier [0x00E9A368+1518680]
GetHandleVerifier [0x00E92F4E+1488958]
Ordinal0 [0x00BFED0D+2223373]
Ordinal0 [0x00C0A12B+2269483]
Ordinal0 [0x00C0A26F+2269807]
Ordinal0 [0x00C1ECB8+2354360]
BaseThreadInitThunk [0x755E6359+25]
RtlGetAppContainerNamedObjectPath [0x77348944+228]
RtlGetAppContainerNamedObjectPath [0x77348914+180]

at java.base/jdk.internal.reflect.NativeConstructorAccessorImpl.newInstance0(Native Method)
at java.base/jdk.internal.reflect.NativeConstructorAccessorImpl.newInstance(NativeConstructorAccessorImpl.java:62)
at java.base/jdk.internal.reflect.DelegatingConstructorAccessorImpl.newInstance(DelegatingConstructorAccessorImpl.java:45)
at java.base/java.lang.reflect.Constructor.newInstance(Constructor.java:490)
at org.openqa.selenium.remote.W3CHandshakeResponse.lambda$errorHandler$0(W3CHandshakeResponse.java:62)
at org.openqa.selenium.remote.HandshakeResponse.lambda$getResponseFunction$0(HandshakeResponse.java:30)
at org.openqa.selenium.remote.ProtocolHandshake.lambda$createSession$0(ProtocolHandshake.java:126)
at java.base/java.util.stream.ReferencePipeline$3$1.accept(ReferencePipeline.java:195)
at java.base/java.util.Spliterators$ArraySpliterator.tryAdvance(Spliterators.java:958)
at java.base/java.util.stream.ReferencePipeline.forEachWithCancel(ReferencePipeline.java:127)
at java.base/java.util.stream.AbstractPipeline.copyIntoWithCancel(AbstractPipeline.java:502)
at java.base/java.util.stream.AbstractPipeline.copyInto(AbstractPipeline.java:488)
at java.base/java.util.stream.AbstractPipeline.wrapAndCopyInto(AbstractPipeline.java:474)
at java.base/java.util.stream.FindOps$FindOp.evaluateSequential(FindOps.java:150)
at java.base/java.util.stream.AbstractPipeline.evaluate(AbstractPipeline.java:234)
at java.base/java.util.stream.ReferencePipeline.findFirst(ReferencePipeline.java:543)
at org.openqa.selenium.remote.ProtocolHandshake.createSession(ProtocolHandshake.java:128)
at org.openqa.selenium.remote.ProtocolHandshake.createSession(ProtocolHandshake.java:74)
at org.openqa.selenium.remote.HttpCommandExecutor.execute(HttpCommandExecutor.java:136)
at org.openqa.selenium.remote.service.DriverCommandExecutor.execute(DriverCommandExecutor.java:83)
at org.openqa.selenium.remote.RemoteWebDriver.execute(RemoteWebDriver.java:552)
at org.openqa.selenium.remote.RemoteWebDriver.startSession(RemoteWebDriver.java:213)
at org.openqa.selenium.remote.RemoteWebDriver.<init>(RemoteWebDriver.java:131)
at org.openqa.selenium.chrome.ChromeDriver.<init>(ChromeDriver.java:181)
at org.openqa.selenium.chrome.ChromeDriver.<init>(ChromeDriver.java:168)
at org.openqa.selenium.chrome.ChromeDriver.<init>(ChromeDriver.java:123)
at stepdefinitions.Stepdefinition.launchapplication(Stepdefinition.java:17)
at ✽.Given I launch the application(ValidLogin.feature:5)
]]>
            </full-stacktrace>
          </exception> <!-- cucumber.runtime.CucumberException -->
          <reporter-output>
          </reporter-output>
        </test-method> <!-- feature -->
        <test-method is-config="true" signature="tearDownClass()[pri:0, instance:runner.TestRunner@127a7a2e]" started-at="2021-03-10T02:31:52Z" name="tearDownClass" finished-at="2021-03-10T02:31:52Z" duration-ms="91" status="PASS">
          <reporter-output>
          </reporter-output>
        </test-method> <!-- tearDownClass -->
      </class> <!-- runner.TestRunner -->
    </test> <!-- Test -->
  </suite> <!-- Suite -->
</testng-results>
